2022-03-09T21:51:11: PM2 log: ===============================================================================
2022-03-09T21:51:11: PM2 log: --- New PM2 Daemon started ----------------------------------------------------
2022-03-09T21:51:11: PM2 log: Time                 : Wed Mar 09 2022 21:51:11 GMT+0000 (Coordinated Universal Time)
2022-03-09T21:51:11: PM2 log: PM2 version          : 5.2.0
2022-03-09T21:51:11: PM2 log: Node.js version      : 12.22.5
2022-03-09T21:51:11: PM2 log: Current arch         : x64
2022-03-09T21:51:11: PM2 log: PM2 home             : /home/crisco/.pm2
2022-03-09T21:51:11: PM2 log: PM2 PID file         : /home/crisco/.pm2/pm2.pid
2022-03-09T21:51:11: PM2 log: RPC socket file      : /home/crisco/.pm2/rpc.sock
2022-03-09T21:51:11: PM2 log: BUS socket file      : /home/crisco/.pm2/pub.sock
2022-03-09T21:51:11: PM2 log: Application log path : /home/crisco/.pm2/logs
2022-03-09T21:51:11: PM2 log: Worker Interval      : 30000
2022-03-09T21:51:11: PM2 log: Process dump file    : /home/crisco/.pm2/dump.pm2
2022-03-09T21:51:11: PM2 log: Concurrent actions   : 2
2022-03-09T21:51:11: PM2 log: SIGTERM timeout      : 1600
2022-03-09T21:51:11: PM2 log: ===============================================================================
2022-03-09T21:51:11: PM2 log: App [index:0] starting in -fork mode-
2022-03-09T21:51:11: PM2 log: App [index:0] online
2022-03-09T21:51:12: PM2 log: App [index:0] exited with code [1] via signal [SIGINT]
2022-03-09T21:51:12: PM2 log: App [index:0] starting in -fork mode-
2022-03-09T21:51:12: PM2 log: App [index:0] online
2022-03-09T21:51:12: PM2 log: App [index:0] exited with code [1] via signal [SIGINT]
2022-03-09T21:51:12: PM2 log: App [index:0] starting in -fork mode-
2022-03-09T21:51:12: PM2 log: App [index:0] online
2022-03-09T21:51:13: PM2 log: App [index:0] exited with code [1] via signal [SIGINT]
2022-03-09T21:51:13: PM2 log: App [index:0] starting in -fork mode-
2022-03-09T21:51:13: PM2 log: App [index:0] online
2022-03-09T21:51:13: PM2 log: App [index:0] exited with code [1] via signal [SIGINT]
2022-03-09T21:51:13: PM2 log: App [index:0] starting in -fork mode-
2022-03-09T21:51:13: PM2 log: App [index:0] online
2022-03-09T21:51:13: PM2 log: App [index:0] exited with code [1] via signal [SIGINT]
2022-03-09T21:51:13: PM2 log: App [index:0] starting in -fork mode-
2022-03-09T21:51:14: PM2 log: App [index:0] online
2022-03-09T21:51:14: PM2 log: App [index:0] exited with code [1] via signal [SIGINT]
2022-03-09T21:51:14: PM2 log: App [index:0] starting in -fork mode-
2022-03-09T21:51:14: PM2 log: App [index:0] online
2022-03-09T21:51:14: PM2 log: App [index:0] exited with code [1] via signal [SIGINT]
2022-03-09T21:51:14: PM2 log: App [index:0] starting in -fork mode-
2022-03-09T21:51:14: PM2 log: App [index:0] online
2022-03-09T21:51:15: PM2 log: App [index:0] exited with code [1] via signal [SIGINT]
2022-03-09T21:51:15: PM2 log: App [index:0] starting in -fork mode-
2022-03-09T21:51:15: PM2 log: App [index:0] online
2022-03-09T21:51:15: PM2 log: App [index:0] exited with code [1] via signal [SIGINT]
2022-03-09T21:51:15: PM2 log: App [index:0] starting in -fork mode-
2022-03-09T21:51:15: PM2 log: App [index:0] online
2022-03-09T21:51:15: PM2 log: App [index:0] exited with code [1] via signal [SIGINT]
2022-03-09T21:51:15: PM2 log: App [index:0] starting in -fork mode-
2022-03-09T21:51:15: PM2 log: App [index:0] online
2022-03-09T21:51:16: PM2 log: App [index:0] exited with code [1] via signal [SIGINT]
2022-03-09T21:51:16: PM2 log: App [index:0] starting in -fork mode-
2022-03-09T21:51:16: PM2 log: App [index:0] online
2022-03-09T21:51:16: PM2 log: App [index:0] exited with code [1] via signal [SIGINT]
2022-03-09T21:51:16: PM2 log: App [index:0] starting in -fork mode-
2022-03-09T21:51:16: PM2 log: App [index:0] online
2022-03-09T21:51:16: PM2 log: App [index:0] exited with code [1] via signal [SIGINT]
2022-03-09T21:51:16: PM2 log: App [index:0] starting in -fork mode-
2022-03-09T21:51:16: PM2 log: App [index:0] online
2022-03-09T21:51:17: PM2 log: App [index:0] exited with code [1] via signal [SIGINT]
2022-03-09T21:51:17: PM2 log: App [index:0] starting in -fork mode-
2022-03-09T21:51:17: PM2 log: App [index:0] online
2022-03-09T21:51:17: PM2 log: App [index:0] exited with code [1] via signal [SIGINT]
2022-03-09T21:51:17: PM2 log: App [index:0] starting in -fork mode-
2022-03-09T21:51:17: PM2 log: App [index:0] online
2022-03-09T21:51:18: PM2 log: App [index:0] exited with code [1] via signal [SIGINT]
2022-03-09T21:51:18: PM2 log: Script /home/crisco/index.js had too many unstable restarts (16). Stopped. "errored"
2022-03-09T21:58:24: PM2 log: App [index:0] starting in -fork mode-
2022-03-09T21:58:24: PM2 log: App [index:0] online
2022-03-09T21:58:25: PM2 log: App [index:0] exited with code [1] via signal [SIGINT]
2022-03-09T21:58:25: PM2 log: App [index:0] starting in -fork mode-
2022-03-09T21:58:25: PM2 log: App [index:0] online
2022-03-09T21:58:25: PM2 log: App [index:0] exited with code [1] via signal [SIGINT]
2022-03-09T21:58:25: PM2 log: App [index:0] starting in -fork mode-
2022-03-09T21:58:25: PM2 log: App [index:0] online
2022-03-09T21:58:25: PM2 log: App [index:0] exited with code [1] via signal [SIGINT]
2022-03-09T21:58:25: PM2 log: App [index:0] starting in -fork mode-
2022-03-09T21:58:25: PM2 log: App [index:0] online
2022-03-09T21:58:26: PM2 log: App [index:0] exited with code [1] via signal [SIGINT]
2022-03-09T21:58:26: PM2 log: App [index:0] starting in -fork mode-
2022-03-09T21:58:26: PM2 log: App [index:0] online
2022-03-09T21:58:26: PM2 log: App [index:0] exited with code [1] via signal [SIGINT]
2022-03-09T21:58:26: PM2 log: App [index:0] starting in -fork mode-
2022-03-09T21:58:26: PM2 log: App [index:0] online
2022-03-09T21:58:27: PM2 log: App [index:0] exited with code [1] via signal [SIGINT]
2022-03-09T21:58:27: PM2 log: App [index:0] starting in -fork mode-
2022-03-09T21:58:27: PM2 log: App [index:0] online
2022-03-09T21:58:27: PM2 log: App [index:0] exited with code [1] via signal [SIGINT]
2022-03-09T21:58:27: PM2 log: App [index:0] starting in -fork mode-
2022-03-09T21:58:27: PM2 log: App [index:0] online
2022-03-09T21:58:27: PM2 log: App [index:0] exited with code [1] via signal [SIGINT]
2022-03-09T21:58:27: PM2 log: App [index:0] starting in -fork mode-
2022-03-09T21:58:27: PM2 log: App [index:0] online
2022-03-09T21:58:28: PM2 log: App [index:0] exited with code [1] via signal [SIGINT]
2022-03-09T21:58:28: PM2 log: App [index:0] starting in -fork mode-
2022-03-09T21:58:28: PM2 log: App [index:0] online
2022-03-09T21:58:28: PM2 log: App [index:0] exited with code [1] via signal [SIGINT]
2022-03-09T21:58:28: PM2 log: App [index:0] starting in -fork mode-
2022-03-09T21:58:28: PM2 log: App [index:0] online
2022-03-09T21:58:28: PM2 log: App [index:0] exited with code [1] via signal [SIGINT]
2022-03-09T21:58:28: PM2 log: App [index:0] starting in -fork mode-
2022-03-09T21:58:28: PM2 log: App [index:0] online
2022-03-09T21:58:29: PM2 log: App [index:0] exited with code [1] via signal [SIGINT]
2022-03-09T21:58:29: PM2 log: App [index:0] starting in -fork mode-
2022-03-09T21:58:29: PM2 log: App [index:0] online
2022-03-09T21:58:29: PM2 log: App [index:0] exited with code [1] via signal [SIGINT]
2022-03-09T21:58:29: PM2 log: App [index:0] starting in -fork mode-
2022-03-09T21:58:29: PM2 log: App [index:0] online
2022-03-09T21:58:29: PM2 log: App [index:0] exited with code [1] via signal [SIGINT]
2022-03-09T21:58:29: PM2 log: App [index:0] starting in -fork mode-
2022-03-09T21:58:29: PM2 log: App [index:0] online
2022-03-09T21:58:30: PM2 log: App [index:0] exited with code [1] via signal [SIGINT]
2022-03-09T21:58:30: PM2 log: App [index:0] starting in -fork mode-
2022-03-09T21:58:30: PM2 log: App [index:0] online
2022-03-09T21:58:30: PM2 log: App [index:0] exited with code [1] via signal [SIGINT]
2022-03-09T21:58:30: PM2 log: Script /home/crisco/index.js had too many unstable restarts (16). Stopped. "errored"
2022-03-09T22:00:14: PM2 log: Stopping app:index id:0
2022-03-09T22:00:14: PM2 error: app=index id=0 does not have a pid
2022-03-09T22:00:41: PM2 log: App [index:0] starting in -fork mode-
2022-03-09T22:00:41: PM2 log: App [index:0] online
2022-03-09T22:00:41: PM2 log: App [index:0] exited with code [1] via signal [SIGINT]
2022-03-09T22:00:41: PM2 log: App [index:0] starting in -fork mode-
2022-03-09T22:00:41: PM2 log: App [index:0] online
2022-03-09T22:00:42: PM2 log: App [index:0] exited with code [1] via signal [SIGINT]
2022-03-09T22:00:42: PM2 log: App [index:0] starting in -fork mode-
2022-03-09T22:00:42: PM2 log: App [index:0] online
2022-03-09T22:00:42: PM2 log: App [index:0] exited with code [1] via signal [SIGINT]
2022-03-09T22:00:42: PM2 log: App [index:0] starting in -fork mode-
2022-03-09T22:00:42: PM2 log: App [index:0] online
2022-03-09T22:00:42: PM2 log: App [index:0] exited with code [1] via signal [SIGINT]
2022-03-09T22:00:42: PM2 log: App [index:0] starting in -fork mode-
2022-03-09T22:00:42: PM2 log: App [index:0] online
2022-03-09T22:00:43: PM2 log: App [index:0] exited with code [1] via signal [SIGINT]
2022-03-09T22:00:43: PM2 log: App [index:0] starting in -fork mode-
2022-03-09T22:00:43: PM2 log: App [index:0] online
2022-03-09T22:00:43: PM2 log: App [index:0] exited with code [1] via signal [SIGINT]
2022-03-09T22:00:43: PM2 log: App [index:0] starting in -fork mode-
2022-03-09T22:00:43: PM2 log: App [index:0] online
2022-03-09T22:00:43: PM2 log: App [index:0] exited with code [1] via signal [SIGINT]
2022-03-09T22:00:43: PM2 log: App [index:0] starting in -fork mode-
2022-03-09T22:00:43: PM2 log: App [index:0] online
2022-03-09T22:00:44: PM2 log: App [index:0] exited with code [1] via signal [SIGINT]
2022-03-09T22:00:44: PM2 log: App [index:0] starting in -fork mode-
2022-03-09T22:00:44: PM2 log: App [index:0] online
2022-03-09T22:00:44: PM2 log: App [index:0] exited with code [1] via signal [SIGINT]
2022-03-09T22:00:44: PM2 log: App [index:0] starting in -fork mode-
2022-03-09T22:00:44: PM2 log: App [index:0] online
2022-03-09T22:00:45: PM2 log: App [index:0] exited with code [1] via signal [SIGINT]
2022-03-09T22:00:45: PM2 log: App [index:0] starting in -fork mode-
2022-03-09T22:00:45: PM2 log: App [index:0] online
2022-03-09T22:00:45: PM2 log: App [index:0] exited with code [1] via signal [SIGINT]
2022-03-09T22:00:45: PM2 log: App [index:0] starting in -fork mode-
2022-03-09T22:00:45: PM2 log: App [index:0] online
2022-03-09T22:00:45: PM2 log: App [index:0] exited with code [1] via signal [SIGINT]
2022-03-09T22:00:45: PM2 log: App [index:0] starting in -fork mode-
2022-03-09T22:00:45: PM2 log: App [index:0] online
2022-03-09T22:00:46: PM2 log: App [index:0] exited with code [1] via signal [SIGINT]
2022-03-09T22:00:46: PM2 log: App [index:0] starting in -fork mode-
2022-03-09T22:00:46: PM2 log: App [index:0] online
2022-03-09T22:00:46: PM2 log: App [index:0] exited with code [1] via signal [SIGINT]
2022-03-09T22:00:46: PM2 log: App [index:0] starting in -fork mode-
2022-03-09T22:00:46: PM2 log: App [index:0] online
2022-03-09T22:00:46: PM2 log: App [index:0] exited with code [1] via signal [SIGINT]
2022-03-09T22:00:46: PM2 log: App [index:0] starting in -fork mode-
2022-03-09T22:00:46: PM2 log: App [index:0] online
2022-03-09T22:00:47: PM2 log: App [index:0] exited with code [1] via signal [SIGINT]
2022-03-09T22:00:47: PM2 log: Script /home/crisco/index.js had too many unstable restarts (16). Stopped. "errored"
2022-03-09T22:01:04: PM2 log: Stopping app:index id:0
2022-03-09T22:01:04: PM2 error: app=index id=0 does not have a pid
2022-03-09T22:02:41: PM2 log: App [index:0] starting in -fork mode-
2022-03-09T22:02:41: PM2 log: App [index:0] online
2022-03-09T22:11:07: PM2 log: Stopping app:index id:0
2022-03-09T22:11:07: PM2 log: App [index:0] exited with code [0] via signal [SIGINT]
2022-03-09T22:11:07: PM2 log: pid=30422 msg=process killed
2022-03-09T22:34:05: PM2 log: App [index:0] starting in -fork mode-
2022-03-09T22:34:05: PM2 log: App [index:0] online
2022-03-10T18:03:47: PM2 log: Stopping app:index id:0
2022-03-10T18:03:47: PM2 log: App [index:0] exited with code [0] via signal [SIGINT]
2022-03-10T18:03:47: PM2 log: pid=31257 msg=process killed
2022-03-10T18:54:53: PM2 log: App [index:0] starting in -fork mode-
2022-03-10T18:54:53: PM2 log: App [index:0] online
2022-03-11T17:58:34: PM2 log: Stopping app:index id:0
2022-03-11T17:58:34: PM2 log: App [index:0] exited with code [0] via signal [SIGINT]
2022-03-11T17:58:34: PM2 log: pid=46248 msg=process killed
2022-03-11T18:03:15: PM2 log: App [index:0] starting in -fork mode-
2022-03-11T18:03:15: PM2 log: App [index:0] online
2022-03-11T20:39:01: PM2 log: Stopping app:index id:0
2022-03-11T20:39:01: PM2 log: App [index:0] exited with code [0] via signal [SIGINT]
2022-03-11T20:39:01: PM2 log: pid=64583 msg=process killed
2022-03-11T20:39:22: PM2 log: App [index:0] starting in -fork mode-
2022-03-11T20:39:22: PM2 log: App [index:0] online
2022-03-12T00:18:43: PM2 log: Stopping app:index id:0
2022-03-12T00:18:44: PM2 log: App [index:0] exited with code [0] via signal [SIGINT]
2022-03-12T00:18:44: PM2 log: pid=66009 msg=process killed
2022-03-12T00:21:04: PM2 log: App [index:0] starting in -fork mode-
2022-03-12T00:21:04: PM2 log: App [index:0] online
2022-03-18T21:13:20: PM2 log: Stopping app:index id:0
2022-03-18T21:13:20: PM2 log: App [index:0] exited with code [0] via signal [SIGINT]
2022-03-18T21:13:20: PM2 log: pid=69686 msg=process killed
2022-03-18T21:13:23: PM2 log: App [index:0] starting in -fork mode-
2022-03-18T21:13:23: PM2 log: App [index:0] online
2022-03-18T21:18:10: PM2 log: Stopping app:index id:0
2022-03-18T21:18:10: PM2 log: App [index:0] exited with code [0] via signal [SIGINT]
2022-03-18T21:18:10: PM2 log: pid=241895 msg=process killed
2022-03-18T21:18:13: PM2 log: App [index:0] starting in -fork mode-
2022-03-18T21:18:13: PM2 log: App [index:0] online
2022-04-06T16:07:55: PM2 log: Stopping app:index id:0
2022-04-06T16:07:55: PM2 log: App [index:0] exited with code [0] via signal [SIGINT]
2022-04-06T16:07:55: PM2 log: pid=242039 msg=process killed
2022-04-06T16:12:27: PM2 log: App [index:0] starting in -fork mode-
2022-04-06T16:12:27: PM2 log: App [index:0] online
2022-04-06T16:14:17: PM2 log: Stopping app:index id:0
2022-04-06T16:14:17: PM2 log: App [index:0] exited with code [0] via signal [SIGINT]
2022-04-06T16:14:17: PM2 log: pid=664298 msg=process killed
2022-04-06T16:14:17: PM2 log: App [index:0] starting in -fork mode-
2022-04-06T16:14:17: PM2 log: App [index:0] online
2022-04-06T16:16:46: PM2 log: Stopping app:index id:0
2022-04-06T16:16:46: PM2 log: App [index:0] exited with code [0] via signal [SIGINT]
2022-04-06T16:16:46: PM2 log: pid=664367 msg=process killed
2022-04-06T16:16:46: PM2 log: App [index:0] starting in -fork mode-
2022-04-06T16:16:46: PM2 log: App [index:0] online
2022-04-06T16:16:59: PM2 log: Stopping app:index id:0
2022-04-06T16:16:59: PM2 log: App [index:0] exited with code [0] via signal [SIGINT]
2022-04-06T16:16:59: PM2 log: pid=664452 msg=process killed
2022-04-06T16:20:37: PM2 log: App [index:0] starting in -fork mode-
2022-04-06T16:20:37: PM2 log: App [index:0] online
2022-04-26T16:24:49: PM2 log: Stopping app:index id:0
2022-04-26T16:24:49: PM2 log: App [index:0] exited with code [0] via signal [SIGINT]
2022-04-26T16:24:49: PM2 log: pid=664615 msg=process killed
2022-04-26T18:54:34: PM2 log: App [index:1] starting in -fork mode-
2022-04-26T18:54:34: PM2 log: App [index:1] online
2022-04-26T19:19:48: PM2 log: Stopping app:index id:1
2022-04-26T19:19:48: PM2 log: App [index:1] exited with code [0] via signal [SIGINT]
2022-04-26T19:19:48: PM2 log: pid=1072929 msg=process killed
2022-04-26T19:22:04: PM2 log: App [index:0] starting in -fork mode-
2022-04-26T19:22:04: PM2 log: App [index:0] online
2022-04-26T19:22:04: PM2 log: App [index:1] starting in -fork mode-
2022-04-26T19:22:04: PM2 log: App [index:1] online
2022-04-26T19:22:05: PM2 log: App [index:1] exited with code [1] via signal [SIGINT]
2022-04-26T19:22:05: PM2 log: App [index:1] starting in -fork mode-
2022-04-26T19:22:05: PM2 log: App [index:1] online
2022-04-26T19:22:06: PM2 log: App [index:1] exited with code [1] via signal [SIGINT]
2022-04-26T19:22:06: PM2 log: App [index:1] starting in -fork mode-
2022-04-26T19:22:06: PM2 log: App [index:1] online
2022-04-26T19:22:06: PM2 log: App [index:1] exited with code [1] via signal [SIGINT]
2022-04-26T19:22:06: PM2 log: App [index:1] starting in -fork mode-
2022-04-26T19:22:06: PM2 log: App [index:1] online
2022-04-26T19:22:07: PM2 log: App [index:1] exited with code [1] via signal [SIGINT]
2022-04-26T19:22:07: PM2 log: App [index:1] starting in -fork mode-
2022-04-26T19:22:07: PM2 log: App [index:1] online
2022-04-26T19:22:07: PM2 log: App [index:1] exited with code [1] via signal [SIGINT]
2022-04-26T19:22:07: PM2 log: App [index:1] starting in -fork mode-
2022-04-26T19:22:07: PM2 log: App [index:1] online
2022-04-26T19:22:07: PM2 log: App [index:1] exited with code [1] via signal [SIGINT]
2022-04-26T19:22:07: PM2 log: App [index:1] starting in -fork mode-
2022-04-26T19:22:07: PM2 log: App [index:1] online
2022-04-26T19:22:08: PM2 log: App [index:1] exited with code [1] via signal [SIGINT]
2022-04-26T19:22:08: PM2 log: App [index:1] starting in -fork mode-
2022-04-26T19:22:08: PM2 log: App [index:1] online
2022-04-26T19:22:08: PM2 log: App [index:1] exited with code [1] via signal [SIGINT]
2022-04-26T19:22:08: PM2 log: App [index:1] starting in -fork mode-
2022-04-26T19:22:08: PM2 log: App [index:1] online
2022-04-26T19:22:09: PM2 log: App [index:1] exited with code [1] via signal [SIGINT]
2022-04-26T19:22:09: PM2 log: App [index:1] starting in -fork mode-
2022-04-26T19:22:09: PM2 log: App [index:1] online
2022-04-26T19:22:09: PM2 log: App [index:1] exited with code [1] via signal [SIGINT]
2022-04-26T19:22:09: PM2 log: App [index:1] starting in -fork mode-
2022-04-26T19:22:09: PM2 log: App [index:1] online
2022-04-26T19:22:09: PM2 log: App [index:1] exited with code [1] via signal [SIGINT]
2022-04-26T19:22:09: PM2 log: App [index:1] starting in -fork mode-
2022-04-26T19:22:09: PM2 log: App [index:1] online
2022-04-26T19:22:10: PM2 log: App [index:1] exited with code [1] via signal [SIGINT]
2022-04-26T19:22:10: PM2 log: App [index:1] starting in -fork mode-
2022-04-26T19:22:10: PM2 log: App [index:1] online
2022-04-26T19:22:10: PM2 log: App [index:1] exited with code [1] via signal [SIGINT]
2022-04-26T19:22:10: PM2 log: App [index:1] starting in -fork mode-
2022-04-26T19:22:10: PM2 log: App [index:1] online
2022-04-26T19:22:11: PM2 log: App [index:1] exited with code [1] via signal [SIGINT]
2022-04-26T19:22:11: PM2 log: App [index:1] starting in -fork mode-
2022-04-26T19:22:11: PM2 log: App [index:1] online
2022-04-26T19:22:11: PM2 log: App [index:1] exited with code [1] via signal [SIGINT]
2022-04-26T19:22:11: PM2 log: App [index:1] starting in -fork mode-
2022-04-26T19:22:11: PM2 log: App [index:1] online
2022-04-26T19:22:12: PM2 log: App [index:1] exited with code [1] via signal [SIGINT]
2022-04-26T19:22:12: PM2 log: Script /home/crisco/la-college-movers/index.js had too many unstable restarts (16). Stopped. "errored"
2022-04-26T19:22:58: PM2 log: Stopping app:index id:0
2022-04-26T19:22:58: PM2 log: App [index:0] exited with code [0] via signal [SIGINT]
2022-04-26T19:22:58: PM2 log: pid=1073404 msg=process killed
2022-04-26T19:23:15: PM2 log: App [index:0] starting in -fork mode-
2022-04-26T19:23:15: PM2 log: App [index:0] online
2022-04-26T19:23:15: PM2 log: App [index:1] starting in -fork mode-
2022-04-26T19:23:15: PM2 log: App [index:1] online
2022-04-26T19:23:16: PM2 log: App [index:1] exited with code [1] via signal [SIGINT]
2022-04-26T19:23:16: PM2 log: App [index:1] starting in -fork mode-
2022-04-26T19:23:16: PM2 log: App [index:1] online
2022-04-26T19:23:17: PM2 log: App [index:1] exited with code [1] via signal [SIGINT]
2022-04-26T19:23:17: PM2 log: App [index:1] starting in -fork mode-
2022-04-26T19:23:17: PM2 log: App [index:1] online
2022-04-26T19:23:17: PM2 log: App [index:1] exited with code [1] via signal [SIGINT]
2022-04-26T19:23:17: PM2 log: App [index:1] starting in -fork mode-
2022-04-26T19:23:17: PM2 log: App [index:1] online
2022-04-26T19:23:17: PM2 log: App [index:1] exited with code [1] via signal [SIGINT]
2022-04-26T19:23:17: PM2 log: App [index:1] starting in -fork mode-
2022-04-26T19:23:17: PM2 log: App [index:1] online
2022-04-26T19:23:18: PM2 log: App [index:1] exited with code [1] via signal [SIGINT]
2022-04-26T19:23:18: PM2 log: App [index:1] starting in -fork mode-
2022-04-26T19:23:18: PM2 log: App [index:1] online
2022-04-26T19:23:18: PM2 log: App [index:1] exited with code [1] via signal [SIGINT]
2022-04-26T19:23:18: PM2 log: App [index:1] starting in -fork mode-
2022-04-26T19:23:18: PM2 log: App [index:1] online
2022-04-26T19:23:19: PM2 log: App [index:1] exited with code [1] via signal [SIGINT]
2022-04-26T19:23:19: PM2 log: App [index:1] starting in -fork mode-
2022-04-26T19:23:19: PM2 log: App [index:1] online
2022-04-26T19:23:19: PM2 log: App [index:1] exited with code [1] via signal [SIGINT]
2022-04-26T19:23:19: PM2 log: App [index:1] starting in -fork mode-
2022-04-26T19:23:19: PM2 log: App [index:1] online
2022-04-26T19:23:20: PM2 log: App [index:1] exited with code [1] via signal [SIGINT]
2022-04-26T19:23:20: PM2 log: App [index:1] starting in -fork mode-
2022-04-26T19:23:20: PM2 log: App [index:1] online
2022-04-26T19:23:20: PM2 log: App [index:1] exited with code [1] via signal [SIGINT]
2022-04-26T19:23:20: PM2 log: App [index:1] starting in -fork mode-
2022-04-26T19:23:20: PM2 log: App [index:1] online
2022-04-26T19:23:20: PM2 log: App [index:1] exited with code [1] via signal [SIGINT]
2022-04-26T19:23:20: PM2 log: App [index:1] starting in -fork mode-
2022-04-26T19:23:20: PM2 log: App [index:1] online
2022-04-26T19:23:21: PM2 log: App [index:1] exited with code [1] via signal [SIGINT]
2022-04-26T19:23:21: PM2 log: App [index:1] starting in -fork mode-
2022-04-26T19:23:21: PM2 log: App [index:1] online
2022-04-26T19:23:21: PM2 log: App [index:1] exited with code [1] via signal [SIGINT]
2022-04-26T19:23:21: PM2 log: App [index:1] starting in -fork mode-
2022-04-26T19:23:21: PM2 log: App [index:1] online
2022-04-26T19:23:22: PM2 log: App [index:1] exited with code [1] via signal [SIGINT]
2022-04-26T19:23:22: PM2 log: App [index:1] starting in -fork mode-
2022-04-26T19:23:22: PM2 log: App [index:1] online
2022-04-26T19:23:22: PM2 log: App [index:1] exited with code [1] via signal [SIGINT]
2022-04-26T19:23:22: PM2 log: App [index:1] starting in -fork mode-
2022-04-26T19:23:22: PM2 log: App [index:1] online
2022-04-26T19:23:23: PM2 log: App [index:1] exited with code [1] via signal [SIGINT]
2022-04-26T19:23:23: PM2 log: Script /home/crisco/la-college-movers/index.js had too many unstable restarts (16). Stopped. "errored"
2022-04-26T19:23:42: PM2 log: Stopping app:index id:1
2022-04-26T19:23:42: PM2 error: app=index id=1 does not have a pid
2022-04-26T19:24:39: PM2 log: Stopping app:index id:0
2022-04-26T19:24:39: PM2 log: App [index:0] exited with code [0] via signal [SIGINT]
2022-04-26T19:24:39: PM2 log: pid=1073746 msg=process killed
2022-04-26T19:26:54: PM2 log: App [index:0] starting in -fork mode-
2022-04-26T19:26:54: PM2 log: App [index:0] online
2022-04-26T19:26:54: PM2 log: App [index:1] starting in -fork mode-
2022-04-26T19:26:54: PM2 log: App [index:1] online
2022-04-26T19:26:54: PM2 error: Error: spawn node ENOENT
    at Process.ChildProcess._handle.onexit (internal/child_process.js:268:19)
    at onErrorNT (internal/child_process.js:470:16)
    at processTicksAndRejections (internal/process/task_queues.js:84:21)
2022-04-26T19:26:54: PM2 error: Cancelling versioning data parsing
2022-04-26T19:26:54: PM2 log: App [index:0] exited with code [1] via signal [SIGINT]
2022-04-26T19:26:54: PM2 log: App [index:0] starting in -fork mode-
2022-04-26T19:26:54: PM2 log: App [index:0] online
2022-04-26T19:26:55: PM2 log: App [index:0] exited with code [1] via signal [SIGINT]
2022-04-26T19:26:55: PM2 log: App [index:0] starting in -fork mode-
2022-04-26T19:26:55: PM2 log: App [index:0] online
2022-04-26T19:26:55: PM2 log: App [index:0] exited with code [1] via signal [SIGINT]
2022-04-26T19:26:55: PM2 log: App [index:0] starting in -fork mode-
2022-04-26T19:26:55: PM2 log: App [index:0] online
2022-04-26T19:26:55: PM2 log: App [index:0] exited with code [1] via signal [SIGINT]
2022-04-26T19:26:55: PM2 log: App [index:0] starting in -fork mode-
2022-04-26T19:26:55: PM2 log: App [index:0] online
2022-04-26T19:26:55: PM2 log: App [index:0] exited with code [1] via signal [SIGINT]
2022-04-26T19:26:55: PM2 log: App [index:0] starting in -fork mode-
2022-04-26T19:26:55: PM2 log: App [index:0] online
2022-04-26T19:26:55: PM2 log: App [index:0] exited with code [1] via signal [SIGINT]
2022-04-26T19:26:55: PM2 log: App [index:0] starting in -fork mode-
2022-04-26T19:26:55: PM2 log: App [index:0] online
2022-04-26T19:26:56: PM2 log: App [index:0] exited with code [1] via signal [SIGINT]
2022-04-26T19:26:56: PM2 log: App [index:0] starting in -fork mode-
2022-04-26T19:26:56: PM2 log: App [index:0] online
2022-04-26T19:26:56: PM2 log: App [index:0] exited with code [1] via signal [SIGINT]
2022-04-26T19:26:56: PM2 log: App [index:0] starting in -fork mode-
2022-04-26T19:26:56: PM2 log: App [index:0] online
2022-04-26T19:26:56: PM2 log: App [index:0] exited with code [1] via signal [SIGINT]
2022-04-26T19:26:56: PM2 log: App [index:0] starting in -fork mode-
2022-04-26T19:26:56: PM2 log: App [index:0] online
2022-04-26T19:26:56: PM2 log: App [index:0] exited with code [1] via signal [SIGINT]
2022-04-26T19:26:56: PM2 log: App [index:0] starting in -fork mode-
2022-04-26T19:26:56: PM2 log: App [index:0] online
2022-04-26T19:26:57: PM2 log: App [index:0] exited with code [1] via signal [SIGINT]
2022-04-26T19:26:57: PM2 log: App [index:0] starting in -fork mode-
2022-04-26T19:26:57: PM2 log: App [index:0] online
2022-04-26T19:26:57: PM2 log: App [index:0] exited with code [1] via signal [SIGINT]
2022-04-26T19:26:57: PM2 log: App [index:0] starting in -fork mode-
2022-04-26T19:26:57: PM2 log: App [index:0] online
2022-04-26T19:26:57: PM2 log: App [index:0] exited with code [1] via signal [SIGINT]
2022-04-26T19:26:57: PM2 log: App [index:0] starting in -fork mode-
2022-04-26T19:26:57: PM2 log: App [index:0] online
2022-04-26T19:26:57: PM2 log: App [index:0] exited with code [1] via signal [SIGINT]
2022-04-26T19:26:57: PM2 log: App [index:0] starting in -fork mode-
2022-04-26T19:26:57: PM2 log: App [index:0] online
2022-04-26T19:26:57: PM2 log: App [index:0] exited with code [1] via signal [SIGINT]
2022-04-26T19:26:57: PM2 log: App [index:0] starting in -fork mode-
2022-04-26T19:26:57: PM2 log: App [index:0] online
2022-04-26T19:26:58: PM2 log: App [index:0] exited with code [1] via signal [SIGINT]
2022-04-26T19:26:58: PM2 log: Script /home/crisco/index.js had too many unstable restarts (16). Stopped. "errored"
2022-04-26T19:27:08: PM2 log: Stopping app:index id:0
2022-04-26T19:27:08: PM2 error: app=index id=0 does not have a pid
2022-04-26T19:27:22: PM2 log: App [index:0] starting in -fork mode-
2022-04-26T19:27:22: PM2 log: App [index:0] online
2022-04-26T19:27:22: PM2 log: App [index:1] starting in -fork mode-
2022-04-26T19:27:22: PM2 log: App [index:1] online
2022-04-26T19:27:22: PM2 error: Error: spawn node ENOENT
    at Process.ChildProcess._handle.onexit (internal/child_process.js:268:19)
    at onErrorNT (internal/child_process.js:470:16)
    at processTicksAndRejections (internal/process/task_queues.js:84:21)
2022-04-27T17:47:58: PM2 log: Stopping app:index id:0
2022-04-27T17:47:58: PM2 log: App [index:0] exited with code [0] via signal [SIGINT]
2022-04-27T17:47:58: PM2 log: pid=1074516 msg=process killed
2022-04-27T17:48:09: PM2 log: App [index:0] starting in -fork mode-
2022-04-27T17:48:09: PM2 log: App [index:0] online
2022-04-27T17:48:09: PM2 log: App [index:1] starting in -fork mode-
2022-04-27T17:48:09: PM2 log: App [index:1] online
2022-04-27T17:48:09: PM2 error: Error: spawn node ENOENT
    at Process.ChildProcess._handle.onexit (internal/child_process.js:268:19)
    at onErrorNT (internal/child_process.js:470:16)
    at processTicksAndRejections (internal/process/task_queues.js:84:21)
2022-04-27T18:19:16: PM2 log: Stopping app:index id:0
2022-04-27T18:19:16: PM2 log: App [index:0] exited with code [0] via signal [SIGINT]
2022-04-27T18:19:16: PM2 log: pid=1095455 msg=process killed
2022-04-27T18:19:49: PM2 log: App [index:0] starting in -fork mode-
2022-04-27T18:19:49: PM2 log: App [index:0] online
2022-04-27T18:19:49: PM2 log: App [index:1] starting in -fork mode-
2022-04-27T18:19:49: PM2 log: App [index:1] online
2022-04-27T18:19:49: PM2 error: Error: spawn node ENOENT
    at Process.ChildProcess._handle.onexit (internal/child_process.js:268:19)
    at onErrorNT (internal/child_process.js:470:16)
    at processTicksAndRejections (internal/process/task_queues.js:84:21)
2022-10-07T20:42:14: PM2 log: pm2 has been killed by signal, dumping process list before exit...
2022-10-07T20:42:14: PM2 log: Deleting process 0
2022-10-07T20:42:14: PM2 log: Stopping app:index id:0
2022-10-07T20:42:14: PM2 log: App [index:0] exited with code [0] via signal [SIGTERM]
2022-10-07T20:42:14: PM2 log: pid=1095949 msg=process killed
2022-10-07T20:42:14: PM2 log: Deleting process 1
2022-10-07T20:42:14: PM2 log: Stopping app:index id:1
2022-10-07T20:42:14: PM2 error: app=index id=1 does not have a pid
2022-10-07T20:42:14: PM2 log: Exited peacefully
